
total transitions: 9470
total trajectories: 50
traj length mean: 189.4
traj length std: 21.740285186721906
traj length min: 150
traj length max: 259
action min: -1.0
action max: 1.0
language instruction: pick up the book and place it in the back compartment of the caddy

==== Filter Keys ====
no filter keys

==== Env Meta ====
{
    "type": 1,
    "env_name": "Libero_Study_Tabletop_Manipulation",
    "problem_name": "libero_study_tabletop_manipulation",
    "bddl_file": "chiliocosm/bddl_files/libero_100_debug/STUDY_TABLETOP_SCENE1_pick_up_the_book_and_place_it_in_the_back_of_the_caddy.bddl",
    "env_kwargs": {
        "robots": [
            "Panda"
        ],
        "controller_configs": {
            "type": "OSC_POSE",
            "input_max": 1,
            "input_min": -1,
            "output_max": [
                0.05,
                0.05,
                0.05,
                0.5,
                0.5,
                0.5
            ],
            "output_min": [
                -0.05,
                -0.05,
                -0.05,
                -0.5,
                -0.5,
                -0.5
            ],
            "kp": 150,
            "damping_ratio": 1,
            "impedance_mode": "fixed",
            "kp_limits": [
                0,
                300
            ],
            "damping_ratio_limits": [
                0,
                10
            ],
            "position_limits": null,
            "orientation_limits": null,
            "uncouple_pos_ori": true,
            "control_delta": true,
            "interpolation": null,
            "ramp_ratio": 0.2
        },
        "bddl_file_name": "chiliocosm/bddl_files/libero_100_debug/STUDY_TABLETOP_SCENE1_pick_up_the_book_and_place_it_in_the_back_of_the_caddy.bddl",
        "has_renderer": false,
        "has_offscreen_renderer": true,
        "ignore_done": true,
        "use_camera_obs": true,
        "camera_depths": false,
        "camera_names": [
            "robot0_eye_in_hand",
            "agentview"
        ],
        "reward_shaping": true,
        "control_freq": 20,
        "camera_heights": 128,
        "camera_widths": 128,
        "camera_segmentations": null
    }
}

==== Dataset Structure ====
episode demo_0 with 234 transitions
    key: actions with shape (234, 7)
    key: dones with shape (234,)
    key: obs
        observation key agentview_rgb with shape (234, 128, 128, 3)
        observation key ee_ori with shape (234, 3)
        observation key ee_pos with shape (234, 3)
        observation key ee_states with shape (234, 6)
        observation key eye_in_hand_rgb with shape (234, 128, 128, 3)
        observation key gripper_states with shape (234, 2)
        observation key joint_states with shape (234, 7)
    key: rewards with shape (234,)
    key: robot_states with shape (234, 9)
    key: states with shape (234, 45)

